Performing C SOURCE FILE Test CMAKE_HAVE_LIBC_PTHREAD failed with the following output:
Change Dir: /home/renato/catkin_ws/src/deliver-robot-simulation/build/CMakeFiles/CMakeTmp

Run Build Command(s):/usr/bin/make -f Makefile cmTC_8ee4c/fast && /usr/bin/make  -f CMakeFiles/cmTC_8ee4c.dir/build.make CMakeFiles/cmTC_8ee4c.dir/build
make[1]: Entering directory '/home/renato/catkin_ws/src/deliver-robot-simulation/build/CMakeFiles/CMakeTmp'
Building C object CMakeFiles/cmTC_8ee4c.dir/src.c.o
/usr/bin/x86_64-linux-gnu-gcc-7 -DCMAKE_HAVE_LIBC_PTHREAD   -o CMakeFiles/cmTC_8ee4c.dir/src.c.o -c /home/renato/catkin_ws/src/deliver-robot-simulation/build/CMakeFiles/CMakeTmp/src.c
Linking C executable cmTC_8ee4c
/usr/local/bin/cmake -E cmake_link_script CMakeFiles/cmTC_8ee4c.dir/link.txt --verbose=1
/usr/bin/x86_64-linux-gnu-gcc-7 CMakeFiles/cmTC_8ee4c.dir/src.c.o -o cmTC_8ee4c 
CMakeFiles/cmTC_8ee4c.dir/src.c.o: In function `main':
src.c:(.text+0x3e): undefined reference to `pthread_create'
src.c:(.text+0x4a): undefined reference to `pthread_detach'
src.c:(.text+0x56): undefined reference to `pthread_cancel'
src.c:(.text+0x67): undefined reference to `pthread_join'
src.c:(.text+0x7b): undefined reference to `pthread_atfork'
collect2: error: ld returned 1 exit status
CMakeFiles/cmTC_8ee4c.dir/build.make:98: recipe for target 'cmTC_8ee4c' failed
make[1]: *** [cmTC_8ee4c] Error 1
make[1]: Leaving directory '/home/renato/catkin_ws/src/deliver-robot-simulation/build/CMakeFiles/CMakeTmp'
Makefile:127: recipe for target 'cmTC_8ee4c/fast' failed
make: *** [cmTC_8ee4c/fast] Error 2


Source file was:
#include <pthread.h>

static void* test_func(void* data)
{
  return data;
}

int main(void)
{
  pthread_t thread;
  pthread_create(&thread, NULL, test_func, NULL);
  pthread_detach(thread);
  pthread_cancel(thread);
  pthread_join(thread, NULL);
  pthread_atfork(NULL, NULL, NULL);
  pthread_exit(NULL);

  return 0;
}

Determining if the function pthread_create exists in the pthreads failed with the following output:
Change Dir: /home/renato/catkin_ws/src/deliver-robot-simulation/build/CMakeFiles/CMakeTmp

Run Build Command(s):/usr/bin/make -f Makefile cmTC_2d6cf/fast && /usr/bin/make  -f CMakeFiles/cmTC_2d6cf.dir/build.make CMakeFiles/cmTC_2d6cf.dir/build
make[1]: Entering directory '/home/renato/catkin_ws/src/deliver-robot-simulation/build/CMakeFiles/CMakeTmp'
Building C object CMakeFiles/cmTC_2d6cf.dir/CheckFunctionExists.c.o
/usr/bin/x86_64-linux-gnu-gcc-7   -DCHECK_FUNCTION_EXISTS=pthread_create -o CMakeFiles/cmTC_2d6cf.dir/CheckFunctionExists.c.o -c /usr/local/share/cmake-3.20/Modules/CheckFunctionExists.c
Linking C executable cmTC_2d6cf
/usr/local/bin/cmake -E cmake_link_script CMakeFiles/cmTC_2d6cf.dir/link.txt --verbose=1
/usr/bin/x86_64-linux-gnu-gcc-7  -DCHECK_FUNCTION_EXISTS=pthread_create CMakeFiles/cmTC_2d6cf.dir/CheckFunctionExists.c.o -o cmTC_2d6cf  -lpthreads 
/usr/bin/ld: cannot find -lpthreads
collect2: error: ld returned 1 exit status
CMakeFiles/cmTC_2d6cf.dir/build.make:98: recipe for target 'cmTC_2d6cf' failed
make[1]: *** [cmTC_2d6cf] Error 1
make[1]: Leaving directory '/home/renato/catkin_ws/src/deliver-robot-simulation/build/CMakeFiles/CMakeTmp'
Makefile:127: recipe for target 'cmTC_2d6cf/fast' failed
make: *** [cmTC_2d6cf/fast] Error 2



